Unity Editor version:    2020.3.28f1 (f5400f52e03f)
Branch:                  2020.3/staging
Build type:              Release
Batch mode:              YES
System name:             Linux
Distro version:          #40~20.04.1-Ubuntu SMP Mon Mar 7 09:18:32 UTC 2022
Kernel version:          5.13.0-35-generic
Architecture:            x86_64
Available memory:        9864 MB
Using pre-set license
Pro License: NO
Desktop is 1366 x 768 @ 60 Hz

COMMAND LINE ARGUMENTS:
Unity
-adb2
-batchMode
-noUpm
-name
AssetImportWorker0
-projectPath
/home/edgar/Downloads/ProjectileShooting-master
-logFile
Logs/AssetImportWorker0.log
-srvPort
33989
Successfully changed project path to: /home/edgar/Downloads/ProjectileShooting-master
/home/edgar/Downloads/ProjectileShooting-master
Using Asset Import Pipeline V2.
Refreshing native plugins compatible for Editor in 59.59 ms, found 0 plugins.
Preloading 0 native plugins for Editor in 0.00 ms.
Initialize engine version: 2020.3.28f1 (f5400f52e03f)
[Subsystems] Discovering subsystems at path /home/edgar/Unity/Hub/Editor/2020.3.28f1/Editor/Data/Resources/UnitySubsystems
[Subsystems] Discovering subsystems at path /home/edgar/Downloads/ProjectileShooting-master/Assets
GLX Extensions: GLX_ARB_create_context GLX_ARB_create_context_no_error GLX_ARB_create_context_profile GLX_ARB_create_context_robustness GLX_ARB_fbconfig_float GLX_ARB_framebuffer_sRGB GLX_ARB_get_proc_address GLX_ARB_multisample GLX_EXT_buffer_age GLX_EXT_create_context_es2_profile GLX_EXT_create_context_es_profile GLX_EXT_fbconfig_packed_float GLX_EXT_framebuffer_sRGB GLX_EXT_import_context GLX_EXT_no_config_context GLX_EXT_swap_control GLX_EXT_swap_control_tear GLX_EXT_texture_from_pixmap GLX_EXT_visual_info GLX_EXT_visual_rating GLX_INTEL_swap_event GLX_MESA_copy_sub_buffer GLX_MESA_query_renderer GLX_MESA_swap_control GLX_OML_swap_method GLX_OML_sync_control GLX_SGIS_multisample GLX_SGIX_fbconfig GLX_SGIX_pbuffer GLX_SGIX_visual_select_group GLX_SGI_make_current_read GLX_SGI_swap_control GLX_SGI_video_sync 
Renderer: AMD Radeon(TM) Vega 8 Graphics (RAVEN, DRM 3.41.0, 5.13.0-35-generic, LLVM 12.0.0)
Vendor:   AMD
Version:  4.6 (Core Profile) Mesa 21.2.6
GLES:     0
 GL_AMD_conservative_depth GL_AMD_depth_clamp_separate GL_AMD_draw_buffers_blend GL_AMD_framebuffer_multisample_advanced GL_AMD_gpu_shader_int64 GL_AMD_multi_draw_indirect GL_AMD_performance_monitor GL_AMD_pinned_memory GL_AMD_query_buffer_object GL_AMD_seamless_cubemap_per_texture GL_AMD_shader_stencil_export GL_AMD_shader_trinary_minmax GL_AMD_texture_texture4 GL_AMD_vertex_shader_layer GL_AMD_vertex_shader_viewport_index GL_ANGLE_texture_compression_dxt3 GL_ANGLE_texture_compression_dxt5 GL_ARB_ES2_compatibility GL_ARB_ES3_1_compatibility GL_ARB_ES3_2_compatibility GL_ARB_ES3_compatibility GL_ARB_arrays_of_arrays GL_ARB_base_instance GL_ARB_bindless_texture GL_ARB_blend_func_extended GL_ARB_buffer_storage GL_ARB_clear_buffer_object GL_ARB_clear_texture GL_ARB_clip_control GL_ARB_color_buffer_float GL_ARB_compressed_texture_pixel_storage GL_ARB_compute_shader GL_ARB_compute_variable_group_size GL_ARB_conditional_render_inverted GL_ARB_conservative_depth GL_ARB_copy_buffer GL_ARB_copy_image GL_ARB_cull_dist
ance GL_ARB_debug_output GL_ARB_depth_buffer_float GL_ARB_depth_clamp GL_ARB_derivative_control GL_ARB_direct_state_access GL_ARB_draw_buffers GL_ARB_draw_buffers_blend GL_ARB_draw_elements_base_vertex GL_ARB_draw_indirect GL_ARB_draw_instanced GL_ARB_enhanced_layouts GL_ARB_explicit_attrib_location GL_ARB_explicit_uniform_location GL_ARB_fragment_coord_conventions GL_ARB_fragment_layer_viewport GL_ARB_fragment_shader GL_ARB_framebuffer_no_attachments GL_ARB_framebuffer_object GL_ARB_framebuffer_sRGB GL_ARB_get_program_binary GL_ARB_get_texture_sub_image GL_ARB_gl_spirv GL_ARB_gpu_shader5 GL_ARB_gpu_shader_fp64 GL_ARB_gpu_shader_int64 GL_ARB_half_float_pixel GL_ARB_half_float_vertex GL_ARB_indirect_parameters GL_ARB_instanced_arrays GL_ARB_internalformat_query GL_ARB_internalformat_query2 GL_ARB_invalidate_subdata GL_ARB_map_buffer_alignment GL_ARB_map_buffer_range GL_ARB_multi_bind GL_ARB_multi_draw_indirect GL_ARB_occlusion_query2 GL_ARB_parallel_shader_compile GL_ARB_pipeline_statistics_query GL_ARB_pixel
_buffer_object GL_ARB_point_sprite GL_ARB_polygon_offset_clamp GL_ARB_program_interface_query GL_ARB_provoking_vertex GL_ARB_query_buffer_object GL_ARB_robust_buffer_access_behavior GL_ARB_robustness GL_ARB_sample_shading GL_ARB_sampler_objects GL_ARB_seamless_cube_map GL_ARB_seamless_cubemap_per_texture GL_ARB_separate_shader_objects GL_ARB_shader_atomic_counter_ops GL_ARB_shader_atomic_counters GL_ARB_shader_ballot GL_ARB_shader_bit_encoding GL_ARB_shader_clock GL_ARB_shader_draw_parameters GL_ARB_shader_group_vote GL_ARB_shader_image_load_store GL_ARB_shader_image_size GL_ARB_shader_objects GL_ARB_shader_precision GL_ARB_shader_stencil_export GL_ARB_shader_storage_buffer_object GL_ARB_shader_subroutine GL_ARB_shader_texture_image_samples GL_ARB_shader_texture_lod GL_ARB_shader_viewport_layer_array GL_ARB_shading_language_420pack GL_ARB_shading_language_include GL_ARB_shading_language_packing GL_ARB_sparse_buffer GL_ARB_spirv_extensions GL_ARB_stencil_texturing GL_ARB_sync GL_ARB_tessellation_shader GL_ARB
_texture_barrier GL_ARB_texture_buffer_object GL_ARB_texture_buffer_object_rgb32 GL_ARB_texture_buffer_range GL_ARB_texture_compression_bptc GL_ARB_texture_compression_rgtc GL_ARB_texture_cube_map_array GL_ARB_texture_filter_anisotropic GL_ARB_texture_float GL_ARB_texture_gather GL_ARB_texture_mirror_clamp_to_edge GL_ARB_texture_multisample GL_ARB_texture_non_power_of_two GL_ARB_texture_query_levels GL_ARB_texture_query_lod GL_ARB_texture_rectangle GL_ARB_texture_rg GL_ARB_texture_rgb10_a2ui GL_ARB_texture_stencil8 GL_ARB_texture_storage GL_ARB_texture_storage_multisample GL_ARB_texture_swizzle GL_ARB_texture_view GL_ARB_timer_query GL_ARB_transform_feedback2 GL_ARB_transform_feedback3 GL_ARB_transform_feedback_instanced GL_ARB_transform_feedback_overflow_query GL_ARB_uniform_buffer_object GL_ARB_vertex_array_bgra GL_ARB_vertex_array_object GL_ARB_vertex_attrib_64bit GL_ARB_vertex_attrib_binding GL_ARB_vertex_buffer_object GL_ARB_vertex_shader GL_ARB_vertex_type_10f_11f_11f_rev GL_ARB_vertex_type_2_10_10_10_
rev GL_ARB_viewport_array GL_ATI_blend_equation_separate GL_ATI_meminfo GL_ATI_texture_float GL_ATI_texture_mirror_once GL_EXT_EGL_image_storage GL_EXT_EGL_sync GL_EXT_abgr GL_EXT_blend_equation_separate GL_EXT_demote_to_helper_invocation GL_EXT_depth_bounds_test GL_EXT_draw_buffers2 GL_EXT_draw_instanced GL_EXT_framebuffer_blit GL_EXT_framebuffer_multisample GL_EXT_framebuffer_multisample_blit_scaled GL_EXT_framebuffer_object GL_EXT_framebuffer_sRGB GL_EXT_memory_object GL_EXT_memory_object_fd GL_EXT_packed_depth_stencil GL_EXT_packed_float GL_EXT_pixel_buffer_object GL_EXT_polygon_offset_clamp GL_EXT_provoking_vertex GL_EXT_semaphore GL_EXT_semaphore_fd GL_EXT_shader_image_load_formatted GL_EXT_shader_image_load_store GL_EXT_shader_integer_mix GL_EXT_shader_samples_identical GL_EXT_texture_array GL_EXT_texture_compression_dxt1 GL_EXT_texture_compression_rgtc GL_EXT_texture_compression_s3tc GL_EXT_texture_filter_anisotropic GL_EXT_texture_integer GL_EXT_texture_mirror_clamp GL_EXT_texture_sRGB GL_EXT_textur
e_sRGB_R8 GL_EXT_texture_sRGB_decode GL_EXT_texture_shadow_lod GL_EXT_texture_shared_exponent GL_EXT_texture_snorm GL_EXT_texture_swizzle GL_EXT_timer_query GL_EXT_transform_feedback GL_EXT_vertex_array_bgra GL_EXT_vertex_attrib_64bit GL_EXT_window_rectangles GL_IBM_multimode_draw_arrays GL_INTEL_blackhole_render GL_KHR_blend_equation_advanced GL_KHR_context_flush_control GL_KHR_debug GL_KHR_no_error GL_KHR_parallel_shader_compile GL_KHR_robust_buffer_access_behavior GL_KHR_robustness GL_KHR_texture_compression_astc_ldr GL_KHR_texture_compression_astc_sliced_3d GL_MESA_framebuffer_flip_y GL_MESA_pack_invert GL_MESA_shader_integer_functions GL_MESA_texture_signed_rgba GL_NVX_gpu_memory_info GL_NV_alpha_to_coverage_dither_control GL_NV_compute_shader_derivatives GL_NV_conditional_render GL_NV_copy_image GL_NV_depth_clamp GL_NV_packed_depth_stencil GL_NV_shader_atomic_int64 GL_NV_texture_barrier GL_NV_vdpau_interop GL_OES_EGL_image GL_S3_s3tc
OPENGL LOG: Creating OpenGL 4.6 graphics device ; Context level  <OpenGL 4.5> ; Context handle 1597987840
Initialize mono
Mono path[0] = '/home/edgar/Unity/Hub/Editor/2020.3.28f1/Editor/Data/Managed'
Mono path[1] = '/home/edgar/Unity/Hub/Editor/2020.3.28f1/Editor/Data/MonoBleedingEdge/lib/mono/unityjit'
Mono config path = '/home/edgar/Unity/Hub/Editor/2020.3.28f1/Editor/Data/MonoBleedingEdge/etc'
Using monoOptions --debugger-agent=transport=dt_socket,embedding=1,server=y,suspend=n,address=127.0.0.1:56965
Begin MonoManager ReloadAssembly
Registering precompiled unity dll's ...
Register platform support module: /home/edgar/Unity/Hub/Editor/2020.3.28f1/Editor/Data/PlaybackEngines/WebGLSupport/UnityEditor.WebGL.Extensions.dll
Register platform support module: /home/edgar/Unity/Hub/Editor/2020.3.28f1/Editor/Data/PlaybackEngines/LinuxStandaloneSupport/UnityEditor.LinuxStandalone.Extensions.dll
Registered in 0.001448 seconds.
Native extension for LinuxStandalone target not found
Native extension for WebGL target not found
Refreshing native plugins compatible for Editor in 52.88 ms, found 0 plugins.
Preloading 0 native plugins for Editor in 0.00 ms.
Mono: successfully reloaded assembly
- Completed reload, in  0.773 seconds
Domain Reload Profiling:
	ReloadAssembly (774ms)
		BeginReloadAssembly (65ms)
			ExecutionOrderSort (0ms)
			DisableScriptedObjects (0ms)
			BackupInstance (0ms)
			ReleaseScriptingObjects (0ms)
			CreateAndSetChildDomain (1ms)
		EndReloadAssembly (628ms)
			LoadAssemblies (63ms)
			RebuildTransferFunctionScriptingTraits (0ms)
			SetupTypeCache (201ms)
			ReleaseScriptCaches (0ms)
			RebuildScriptCaches (52ms)
			SetupLoadedEditorAssemblies (256ms)
				LogAssemblyErrors (0ms)
				InitializePlatformSupportModulesInManaged (7ms)
				SetLoadedEditorAssemblies (0ms)
				RefreshPlugins (53ms)
				BeforeProcessingInitializeOnLoad (10ms)
				ProcessInitializeOnLoadAttributes (149ms)
				ProcessInitializeOnLoadMethodAttributes (36ms)
				AfterProcessingInitializeOnLoad (0ms)
				EditorAssembliesLoaded (0ms)
			ExecutionOrderSort2 (0ms)
			AwakeInstancesAfterBackupRestoration (0ms)
Platform modules already initialized, skipping
Registering precompiled user dll's ...
Registered in 0.003106 seconds.
Begin MonoManager ReloadAssembly
Native extension for LinuxStandalone target not found
Native extension for WebGL target not found
Refreshing native plugins compatible for Editor in 0.76 ms, found 0 plugins.
Preloading 0 native plugins for Editor in 0.00 ms.
Mono: successfully reloaded assembly
- Completed reload, in  1.406 seconds
Domain Reload Profiling:
	ReloadAssembly (1407ms)
		BeginReloadAssembly (198ms)
			ExecutionOrderSort (0ms)
			DisableScriptedObjects (7ms)
			BackupInstance (0ms)
			ReleaseScriptingObjects (0ms)
			CreateAndSetChildDomain (35ms)
		EndReloadAssembly (1135ms)
			LoadAssemblies (113ms)
			RebuildTransferFunctionScriptingTraits (0ms)
			SetupTypeCache (366ms)
			ReleaseScriptCaches (1ms)
			RebuildScriptCaches (72ms)
			SetupLoadedEditorAssemblies (476ms)
				LogAssemblyErrors (0ms)
				InitializePlatformSupportModulesInManaged (6ms)
				SetLoadedEditorAssemblies (1ms)
				RefreshPlugins (1ms)
				BeforeProcessingInitializeOnLoad (71ms)
				ProcessInitializeOnLoadAttributes (338ms)
				ProcessInitializeOnLoadMethodAttributes (55ms)
				AfterProcessingInitializeOnLoad (4ms)
				EditorAssembliesLoaded (0ms)
			ExecutionOrderSort2 (0ms)
			AwakeInstancesAfterBackupRestoration (8ms)
Platform modules already initialized, skipping
========================================================================
Worker process is ready to serve import requests
Launched and connected shader compiler UnityShaderCompiler after 0.02 seconds
Refreshing native plugins compatible for Editor in 0.95 ms, found 0 plugins.
Preloading 0 native plugins for Editor in 0.00 ms.
Unloading 2138 Unused Serialized files (Serialized files now loaded: 0)
System memory in use before: 79.5 MB.
System memory in use after: 79.4 MB.

Unloading 58 unused Assets to reduce memory usage. Loaded Objects now: 2542.
Total: 23.337193 ms (FindLiveObjects: 0.279154 ms CreateObjectMapping: 0.131858 ms MarkObjects: 22.558169 ms  DeleteObjects: 0.366238 ms)

AssetImportParameters requested are different than current active one (requested -> active):
  custom:video-decoder-ogg-theora: a1e56fd34408186e4bbccfd4996cb3dc -> 
  custom:container-muxer-webm: aa71ff27fc2769a1b78a27578f13a17b -> 
  custom:container-demuxer-webm: 4f35f7cbe854078d1ac9338744f61a02 -> 
  custom:container-demuxer-ogg: 62fdf1f143b41e24485cea50d1cbac27 -> 
  custom:video-encoder-webm-vp8: eb34c28f22e8b96e1ab97ce403110664 -> 
  custom:video-decoder-webm-vp8: 9c59270c3fd7afecdb556c50c9e8de78 -> 
  custom:audio-decoder-ogg-vorbis: bf7c407c2cedff20999df2af8eb42d56 -> 
  custom:audio-encoder-webm-vorbis: bf7c407c2cedff20999df2af8eb42d56 -> 
========================================================================
Received Import Request.
  path: Assets/Mesh/Arrow.FBX
  artifactKey: Guid(cb78601eb1448fd4ebbb7b79d260b0cd) Importer(815301076,1909f56bfc062723c751e8b465ee728b)
Start importing Assets/Mesh/Arrow.FBX using Guid(cb78601eb1448fd4ebbb7b79d260b0cd) Importer(815301076,1909f56bfc062723c751e8b465ee728b)  -> (artifact id: '2d9f21d0b684ccc34b12b8d59d4cd2c1') in 0.505377 seconds 
  Import took 0.509362 seconds .

========================================================================
Received Import Request.
  Time since last request: 0.000244 seconds.
  path: Assets/Material/Spark.mat
  artifactKey: Guid(b0d5320df28f4494fb4a299ff1bb6ddf) Importer(815301076,1909f56bfc062723c751e8b465ee728b)
Start importing Assets/Material/Spark.mat using Guid(b0d5320df28f4494fb4a299ff1bb6ddf) Importer(815301076,1909f56bfc062723c751e8b465ee728b)  -> (artifact id: '00758507dd26474f26b76558a4f2c8c8') in 0.092670 seconds 
  Import took 0.097611 seconds .

========================================================================
Received Import Request.
  Time since last request: 0.000277 seconds.
  path: Assets/Material/Shockwave.mat
  artifactKey: Guid(64e0c183f43334c4eae812d5448750a8) Importer(815301076,1909f56bfc062723c751e8b465ee728b)
Start importing Assets/Material/Shockwave.mat using Guid(64e0c183f43334c4eae812d5448750a8) Importer(815301076,1909f56bfc062723c751e8b465ee728b)  -> (artifact id: 'feebfe7535ae7fd9fc084422151b5018') in 0.008966 seconds 
  Import took 0.014845 seconds .

========================================================================
Received Import Request.
  Time since last request: 0.000232 seconds.
  path: Assets/Material/ArrowMarker.mat
  artifactKey: Guid(b8f51d7248a762e488cbefe67cb1d3eb) Importer(815301076,1909f56bfc062723c751e8b465ee728b)
Start importing Assets/Material/ArrowMarker.mat using Guid(b8f51d7248a762e488cbefe67cb1d3eb) Importer(815301076,1909f56bfc062723c751e8b465ee728b)  -> (artifact id: '5c948138896acb3b287e5db1ec5d2900') in 0.012668 seconds 
  Import took 0.017341 seconds .

========================================================================
Received Import Request.
  Time since last request: 0.000199 seconds.
  path: Assets/Material/CannonBall.mat
  artifactKey: Guid(93f8c029371500844a8e388a0264744c) Importer(815301076,1909f56bfc062723c751e8b465ee728b)
Start importing Assets/Material/CannonBall.mat using Guid(93f8c029371500844a8e388a0264744c) Importer(815301076,1909f56bfc062723c751e8b465ee728b)  -> (artifact id: '8f71adb28799433d3ac0e79ebbdc7eca') in 0.008810 seconds 
  Import took 0.012912 seconds .

========================================================================
Received Import Request.
  Time since last request: 0.000217 seconds.
  path: Assets/Material/Arc.mat
  artifactKey: Guid(6ca04fef9b7c046408f2cb80d3bf3856) Importer(815301076,1909f56bfc062723c751e8b465ee728b)
Start importing Assets/Material/Arc.mat using Guid(6ca04fef9b7c046408f2cb80d3bf3856) Importer(815301076,1909f56bfc062723c751e8b465ee728b)  -> (artifact id: '1bea50c4508c66b10df9a5f8072b80bb') in 0.008236 seconds 
  Import took 0.013372 seconds .

========================================================================
Received Import Request.
  Time since last request: 0.000280 seconds.
  path: Assets/Prefabs/CannonBallDeath.prefab
  artifactKey: Guid(57f7868753d7f3643b9332992f4589b3) Importer(815301076,1909f56bfc062723c751e8b465ee728b)
Start importing Assets/Prefabs/CannonBallDeath.prefab using Guid(57f7868753d7f3643b9332992f4589b3) Importer(815301076,1909f56bfc062723c751e8b465ee728b)  -> (artifact id: '5ac0ca1b9d265544def6f94ba61e64f2') in 0.057950 seconds 
  Import took 0.062872 seconds .

========================================================================
Received Import Request.
  Time since last request: 0.000272 seconds.
  path: Assets/Material/Terrain.mat
  artifactKey: Guid(d841401a287cc1647ac38fa3c2b06e08) Importer(815301076,1909f56bfc062723c751e8b465ee728b)
Start importing Assets/Material/Terrain.mat using Guid(d841401a287cc1647ac38fa3c2b06e08) Importer(815301076,1909f56bfc062723c751e8b465ee728b)  -> (artifact id: 'eae74ee11b379e2b2491f77fc1cc3855') in 0.008248 seconds 
  Import took 0.013122 seconds .

========================================================================
Received Import Request.
  Time since last request: 0.000229 seconds.
  path: Assets/Prefabs/Cannonball.prefab
  artifactKey: Guid(25adf2675fb5e4f49bcf0053ccd0c32a) Importer(815301076,1909f56bfc062723c751e8b465ee728b)
Start importing Assets/Prefabs/Cannonball.prefab using Guid(25adf2675fb5e4f49bcf0053ccd0c32a) Importer(815301076,1909f56bfc062723c751e8b465ee728b)  -> (artifact id: '953d20ba48bf365b4b31682aee1cbf24') in 0.011767 seconds 
  Import took 0.016554 seconds .

========================================================================
Received Import Request.
  Time since last request: 0.000228 seconds.
  path: Assets/Prefabs/CannonFireSmoke.prefab
  artifactKey: Guid(8021a85b057010c4485b9d1367c07804) Importer(815301076,1909f56bfc062723c751e8b465ee728b)
Start importing Assets/Prefabs/CannonFireSmoke.prefab using Guid(8021a85b057010c4485b9d1367c07804) Importer(815301076,1909f56bfc062723c751e8b465ee728b)  -> (artifact id: '5321e4baf2c00d9abce13db4ab63f266') in 0.011754 seconds 
  Import took 0.016519 seconds .

========================================================================
Received Import Request.
  Time since last request: 0.000221 seconds.
  path: Assets/Material/FuzzyBall.mat
  artifactKey: Guid(45b0c2dc540b75c488e0de8c3305126e) Importer(815301076,1909f56bfc062723c751e8b465ee728b)
Start importing Assets/Material/FuzzyBall.mat using Guid(45b0c2dc540b75c488e0de8c3305126e) Importer(815301076,1909f56bfc062723c751e8b465ee728b)  -> (artifact id: '9a43057888df985552e5322c44dafee4') in 0.009125 seconds 
  Import took 0.014390 seconds .

========================================================================
Received Import Request.
  Time since last request: 0.000288 seconds.
  path: Assets/Material/Arrow.mat
  artifactKey: Guid(d94c2f05f712e794e96d34e09f301d54) Importer(815301076,1909f56bfc062723c751e8b465ee728b)
Start importing Assets/Material/Arrow.mat using Guid(d94c2f05f712e794e96d34e09f301d54) Importer(815301076,1909f56bfc062723c751e8b465ee728b)  -> (artifact id: '0dd96f9f39b31c07d95cb7864f41acc6') in 0.054350 seconds 
  Import took 0.059929 seconds .

========================================================================
Received Import Request.
  Time since last request: 0.000354 seconds.
  path: Assets/Mesh/Cannon.FBX
  artifactKey: Guid(49d4ad4326ec54147a7197861f829f59) Importer(815301076,1909f56bfc062723c751e8b465ee728b)
Start importing Assets/Mesh/Cannon.FBX using Guid(49d4ad4326ec54147a7197861f829f59) Importer(815301076,1909f56bfc062723c751e8b465ee728b)  -> (artifact id: '456af0b22a5c01f5f060db6c64f13bc2') in 0.039819 seconds 
  Import took 0.044828 seconds .

========================================================================
Received Import Request.
  Time since last request: 0.000226 seconds.
  path: Assets/Material/CannonMount.mat
  artifactKey: Guid(928394790fbf87046bee1d123749b030) Importer(815301076,1909f56bfc062723c751e8b465ee728b)
Start importing Assets/Material/CannonMount.mat using Guid(928394790fbf87046bee1d123749b030) Importer(815301076,1909f56bfc062723c751e8b465ee728b)  -> (artifact id: '572145f14726eed82cba78514a4403ff') in 0.008305 seconds 
  Import took 0.011689 seconds .

========================================================================
Received Import Request.
  Time since last request: 0.000242 seconds.
  path: Assets/Material/SmokePuff.mat
  artifactKey: Guid(571bf9c687fcaac4797cbf9a9adf4c83) Importer(815301076,1909f56bfc062723c751e8b465ee728b)
Start importing Assets/Material/SmokePuff.mat using Guid(571bf9c687fcaac4797cbf9a9adf4c83) Importer(815301076,1909f56bfc062723c751e8b465ee728b)  -> (artifact id: '9e676062c69c8de2309a838e06659b5f') in 0.009216 seconds 
  Import took 0.013580 seconds .

========================================================================
Received Import Request.
  Time since last request: 0.000278 seconds.
  path: Assets/Material/Cannon.mat
  artifactKey: Guid(4a2f7b8857866914fbed98100fe4cf12) Importer(815301076,1909f56bfc062723c751e8b465ee728b)
Start importing Assets/Material/Cannon.mat using Guid(4a2f7b8857866914fbed98100fe4cf12) Importer(815301076,1909f56bfc062723c751e8b465ee728b)  -> (artifact id: '0ac17103f2ef3d55eb259988a3d838dd') in 0.012099 seconds 
  Import took 0.018016 seconds .

========================================================================
Received Import Request.
  Time since last request: 0.000228 seconds.
  path: Assets/Mesh/Terrain.FBX
  artifactKey: Guid(ea8e7fd7a6de9de47aed2ff1f931b71b) Importer(815301076,1909f56bfc062723c751e8b465ee728b)
Start importing Assets/Mesh/Terrain.FBX using Guid(ea8e7fd7a6de9de47aed2ff1f931b71b) Importer(815301076,1909f56bfc062723c751e8b465ee728b)  -> (artifact id: '1e6fea9449f622572107048b48c483a2') in 0.013639 seconds 
  Import took 0.017555 seconds .

========================================================================
Received Import Request.
  Time since last request: 142.111173 seconds.
  path: Assets/Animations/Arrow.controller
  artifactKey: Guid(ae9a17c079c334840b12e7f570733dd1) Importer(815301076,1909f56bfc062723c751e8b465ee728b)
Start importing Assets/Animations/Arrow.controller using Guid(ae9a17c079c334840b12e7f570733dd1) Importer(815301076,1909f56bfc062723c751e8b465ee728b)  -> (artifact id: 'f853ed0433c81a6bbd42a8e9b1e60483') in 0.004693 seconds 
  Import took 0.011124 seconds .

========================================================================
Received Import Request.
  Time since last request: 1.810021 seconds.
  path: Assets/Animations/CursorBounce.anim
  artifactKey: Guid(e54da193fb025164bb5e6f0fcc668f1b) Importer(815301076,1909f56bfc062723c751e8b465ee728b)
Start importing Assets/Animations/CursorBounce.anim using Guid(e54da193fb025164bb5e6f0fcc668f1b) Importer(815301076,1909f56bfc062723c751e8b465ee728b)  -> (artifact id: '74694a985187d61ea5efc2a5b891ed80') in 0.001659 seconds 
  Import took 0.007065 seconds .

========================================================================
Received Prepare
Registering precompiled user dll's ...
Registered in 0.003440 seconds.
Begin MonoManager ReloadAssembly
Native extension for LinuxStandalone target not found
Native extension for WebGL target not found
Refreshing native plugins compatible for Editor in 1.03 ms, found 0 plugins.
Preloading 0 native plugins for Editor in 0.00 ms.
Mono: successfully reloaded assembly
- Completed reload, in  1.403 seconds
Domain Reload Profiling:
	ReloadAssembly (1403ms)
		BeginReloadAssembly (159ms)
			ExecutionOrderSort (0ms)
			DisableScriptedObjects (7ms)
			BackupInstance (0ms)
			ReleaseScriptingObjects (0ms)
			CreateAndSetChildDomain (59ms)
		EndReloadAssembly (1173ms)
			LoadAssemblies (112ms)
			RebuildTransferFunctionScriptingTraits (0ms)
			SetupTypeCache (402ms)
			ReleaseScriptCaches (1ms)
			RebuildScriptCaches (62ms)
			SetupLoadedEditorAssemblies (468ms)
				LogAssemblyErrors (0ms)
				InitializePlatformSupportModulesInManaged (6ms)
				SetLoadedEditorAssemblies (1ms)
				RefreshPlugins (1ms)
				BeforeProcessingInitializeOnLoad (65ms)
				ProcessInitializeOnLoadAttributes (336ms)
				ProcessInitializeOnLoadMethodAttributes (55ms)
				AfterProcessingInitializeOnLoad (4ms)
				EditorAssembliesLoaded (0ms)
			ExecutionOrderSort2 (0ms)
			AwakeInstancesAfterBackupRestoration (9ms)
Platform modules already initialized, skipping
Refreshing native plugins compatible for Editor in 0.97 ms, found 0 plugins.
Preloading 0 native plugins for Editor in 0.00 ms.
Unloading 2130 Unused Serialized files (Serialized files now loaded: 0)
System memory in use before: 80.9 MB.
System memory in use after: 80.8 MB.

Unloading 50 unused Assets to reduce memory usage. Loaded Objects now: 2591.
Total: 17.633991 ms (FindLiveObjects: 0.284144 ms CreateObjectMapping: 0.110207 ms MarkObjects: 17.041757 ms  DeleteObjects: 0.195468 ms)

AssetImportParameters requested are different than current active one (requested -> active):
  custom:video-decoder-ogg-theora: a1e56fd34408186e4bbccfd4996cb3dc -> 
  custom:container-muxer-webm: aa71ff27fc2769a1b78a27578f13a17b -> 
  custom:container-demuxer-webm: 4f35f7cbe854078d1ac9338744f61a02 -> 
  custom:container-demuxer-ogg: 62fdf1f143b41e24485cea50d1cbac27 -> 
  custom:video-encoder-webm-vp8: eb34c28f22e8b96e1ab97ce403110664 -> 
  custom:video-decoder-webm-vp8: 9c59270c3fd7afecdb556c50c9e8de78 -> 
  custom:audio-decoder-ogg-vorbis: bf7c407c2cedff20999df2af8eb42d56 -> 
  custom:audio-encoder-webm-vorbis: bf7c407c2cedff20999df2af8eb42d56 -> 
========================================================================
Received Prepare
Registering precompiled user dll's ...
Registered in 0.003110 seconds.
Begin MonoManager ReloadAssembly
Native extension for LinuxStandalone target not found
Native extension for WebGL target not found
Refreshing native plugins compatible for Editor in 0.80 ms, found 0 plugins.
Preloading 0 native plugins for Editor in 0.00 ms.
Mono: successfully reloaded assembly
- Completed reload, in  1.402 seconds
Domain Reload Profiling:
	ReloadAssembly (1403ms)
		BeginReloadAssembly (161ms)
			ExecutionOrderSort (0ms)
			DisableScriptedObjects (8ms)
			BackupInstance (0ms)
			ReleaseScriptingObjects (0ms)
			CreateAndSetChildDomain (60ms)
		EndReloadAssembly (1156ms)
			LoadAssemblies (120ms)
			RebuildTransferFunctionScriptingTraits (0ms)
			SetupTypeCache (389ms)
			ReleaseScriptCaches (1ms)
			RebuildScriptCaches (59ms)
			SetupLoadedEditorAssemblies (467ms)
				LogAssemblyErrors (0ms)
				InitializePlatformSupportModulesInManaged (6ms)
				SetLoadedEditorAssemblies (1ms)
				RefreshPlugins (1ms)
				BeforeProcessingInitializeOnLoad (63ms)
				ProcessInitializeOnLoadAttributes (340ms)
				ProcessInitializeOnLoadMethodAttributes (51ms)
				AfterProcessingInitializeOnLoad (5ms)
				EditorAssembliesLoaded (0ms)
			ExecutionOrderSort2 (0ms)
			AwakeInstancesAfterBackupRestoration (9ms)
Platform modules already initialized, skipping
Refreshing native plugins compatible for Editor in 1.09 ms, found 0 plugins.
Preloading 0 native plugins for Editor in 0.00 ms.
Unloading 2130 Unused Serialized files (Serialized files now loaded: 0)
System memory in use before: 81.0 MB.
System memory in use after: 80.9 MB.

Unloading 49 unused Assets to reduce memory usage. Loaded Objects now: 2593.
Total: 21.742505 ms (FindLiveObjects: 0.402276 ms CreateObjectMapping: 0.187873 ms MarkObjects: 20.923926 ms  DeleteObjects: 0.225975 ms)

AssetImportParameters requested are different than current active one (requested -> active):
  custom:video-decoder-ogg-theora: a1e56fd34408186e4bbccfd4996cb3dc -> 
  custom:container-muxer-webm: aa71ff27fc2769a1b78a27578f13a17b -> 
  custom:container-demuxer-webm: 4f35f7cbe854078d1ac9338744f61a02 -> 
  custom:container-demuxer-ogg: 62fdf1f143b41e24485cea50d1cbac27 -> 
  custom:video-encoder-webm-vp8: eb34c28f22e8b96e1ab97ce403110664 -> 
  custom:video-decoder-webm-vp8: 9c59270c3fd7afecdb556c50c9e8de78 -> 
  custom:audio-decoder-ogg-vorbis: bf7c407c2cedff20999df2af8eb42d56 -> 
  custom:audio-encoder-webm-vorbis: bf7c407c2cedff20999df2af8eb42d56 -> 
========================================================================
Received Import Request.
  Time since last request: 61.968042 seconds.
  path: Assets/Scripts/CannonBall.cs
  artifactKey: Guid(98de43583d37fe54b8ebe11b86f04225) Importer(815301076,1909f56bfc062723c751e8b465ee728b)
Start importing Assets/Scripts/CannonBall.cs using Guid(98de43583d37fe54b8ebe11b86f04225) Importer(815301076,1909f56bfc062723c751e8b465ee728b)  -> (artifact id: 'f273e42a2f4e8c914303b1be20fdbc9b') in 0.007688 seconds 
  Import took 0.014145 seconds .

========================================================================
Received Import Request.
  Time since last request: 9.796064 seconds.
  path: Assets/Shaders/ProjectorLight.shader
  artifactKey: Guid(c0ace1ca4bc0718448acf798c93d52d9) Importer(815301076,1909f56bfc062723c751e8b465ee728b)
Start importing Assets/Shaders/ProjectorLight.shader using Guid(c0ace1ca4bc0718448acf798c93d52d9) Importer(815301076,1909f56bfc062723c751e8b465ee728b)  -> (artifact id: '6d79d5792b8b5b3a329cb1cb8a20722d') in 0.019050 seconds 
  Import took 0.024765 seconds .

